d:\c++\comp4300\sfml basic template\sfml basic template\x64\debug\vc143.pdb
d:\c++\comp4300\sfml basic template\sfml basic template\x64\debug\vc143.idb
d:\c++\comp4300\sfml basic template\sfml basic template\x64\debug\sfml template.obj
d:\c++\comp4300\sfml basic template\sfml basic template\x64\debug\entitymanager.obj
d:\c++\comp4300\sfml basic template\sfml basic template\x64\debug\entity.obj
d:\c++\comp4300\bulletgame\sfml basic template\x64\debug\vc143.pdb
d:\c++\comp4300\bulletgame\sfml basic template\x64\debug\vc143.idb
d:\c++\comp4300\bulletgame\sfml basic template\x64\debug\sfml template.obj
d:\c++\comp4300\bulletgame\sfml basic template\x64\debug\entitymanager.obj
d:\c++\comp4300\bulletgame\sfml basic template\x64\debug\entity.obj
d:\c++\comp4300\sfml basic template\sfml basic template\x64\debug\bulletgame_d.ilk
d:\c++\comp4300\sfml basic template\x64\debug\bulletgame_d.exe
d:\c++\comp4300\sfml basic template\x64\debug\bulletgame_d.pdb
d:\c++\comp4300\bulletgame\x64\debug\bulletgame_d.exe
d:\c++\comp4300\bulletgame\sfml basic template\x64\debug\bulletgame_d.ilk
d:\c++\comp4300\bulletgame\x64\debug\bulletgame_d.pdb
d:\c++\comp4300\bulletgame\sfml basic template\x64\debug\sfml basic template_d.ilk
d:\c++\comp4300\bulletgame\sfml basic template\x64\debug\vc142.idb
d:\c++\comp4300\bulletgame\sfml basic template\x64\debug\vc142.pdb
d:\c++\comp4300\bulletgame\sfml basic template\x64\debug\bulletgame.tlog\cl.command.1.tlog
d:\c++\comp4300\bulletgame\sfml basic template\x64\debug\bulletgame.tlog\cl.read.1.tlog
d:\c++\comp4300\bulletgame\sfml basic template\x64\debug\bulletgame.tlog\cl.write.1.tlog
d:\c++\comp4300\bulletgame\sfml basic template\x64\debug\bulletgame.tlog\link.command.1.tlog
d:\c++\comp4300\bulletgame\sfml basic template\x64\debug\bulletgame.tlog\link.read.1.tlog
d:\c++\comp4300\bulletgame\sfml basic template\x64\debug\bulletgame.tlog\link.write.1.tlog
