C:\Program Files\Microsoft Visual Studio\2022\Community\MSBuild\Microsoft\VC\v170\Microsoft.CppBuild.targets(531,5): warning MSB8028: The intermediate directory (x64\Debug\) contains files shared from another project (SFML Basic Template.vcxproj).  This can lead to incorrect clean and rebuild behavior.
  Game.cpp
F:\C++\COMP4300\BulletGame\src\Game.cpp(46,30): warning C4244: 'argument': conversion from 'int' to 'float', possible loss of data
F:\C++\COMP4300\BulletGame\src\Game.cpp(46,23): warning C4244: 'argument': conversion from 'int' to 'float', possible loss of data
F:\C++\COMP4300\BulletGame\src\Game.cpp(145,56): warning C4244: 'argument': conversion from 'float' to 'unsigned int', possible loss of data
F:\C++\COMP4300\BulletGame\src\Game.cpp(145,42): warning C4244: 'argument': conversion from 'float' to 'unsigned int', possible loss of data
F:\C++\COMP4300\BulletGame\src\Game.cpp(22,6): warning C4101: 'a': unreferenced local variable
F:\C++\COMP4300\BulletGame\src\Game.cpp(83,47): warning C4101: 'radius': unreferenced local variable
F:\C++\COMP4300\BulletGame\src\Game.cpp(83,10): warning C4101: 'xPos': unreferenced local variable
F:\C++\COMP4300\BulletGame\src\Game.cpp(83,44): warning C4101: 'b': unreferenced local variable
F:\C++\COMP4300\BulletGame\src\Game.cpp(83,16): warning C4101: 'yPos': unreferenced local variable
F:\C++\COMP4300\BulletGame\src\Game.cpp(83,41): warning C4101: 'g': unreferenced local variable
F:\C++\COMP4300\BulletGame\src\Game.cpp(83,30): warning C4101: 'ySpeed': unreferenced local variable
F:\C++\COMP4300\BulletGame\src\Game.cpp(83,38): warning C4101: 'r': unreferenced local variable
F:\C++\COMP4300\BulletGame\src\Game.cpp(83,22): warning C4101: 'xSpeed': unreferenced local variable
F:\C++\COMP4300\BulletGame\src\Game.cpp(104,47): warning C4101: 'radius': unreferenced local variable
F:\C++\COMP4300\BulletGame\src\Game.cpp(104,10): warning C4101: 'xPos': unreferenced local variable
F:\C++\COMP4300\BulletGame\src\Game.cpp(104,44): warning C4101: 'b': unreferenced local variable
F:\C++\COMP4300\BulletGame\src\Game.cpp(104,16): warning C4101: 'yPos': unreferenced local variable
F:\C++\COMP4300\BulletGame\src\Game.cpp(104,41): warning C4101: 'g': unreferenced local variable
F:\C++\COMP4300\BulletGame\src\Game.cpp(104,30): warning C4101: 'ySpeed': unreferenced local variable
F:\C++\COMP4300\BulletGame\src\Game.cpp(104,38): warning C4101: 'r': unreferenced local variable
F:\C++\COMP4300\BulletGame\src\Game.cpp(104,22): warning C4101: 'xSpeed': unreferenced local variable
F:\C++\COMP4300\BulletGame\src\Game.cpp(127,47): warning C4101: 'radius': unreferenced local variable
F:\C++\COMP4300\BulletGame\src\Game.cpp(127,10): warning C4101: 'xPos': unreferenced local variable
F:\C++\COMP4300\BulletGame\src\Game.cpp(127,44): warning C4101: 'b': unreferenced local variable
F:\C++\COMP4300\BulletGame\src\Game.cpp(127,16): warning C4101: 'yPos': unreferenced local variable
F:\C++\COMP4300\BulletGame\src\Game.cpp(127,41): warning C4101: 'g': unreferenced local variable
F:\C++\COMP4300\BulletGame\src\Game.cpp(127,30): warning C4101: 'ySpeed': unreferenced local variable
F:\C++\COMP4300\BulletGame\src\Game.cpp(127,38): warning C4101: 'r': unreferenced local variable
F:\C++\COMP4300\BulletGame\src\Game.cpp(127,22): warning C4101: 'xSpeed': unreferenced local variable
F:\C++\COMP4300\BulletGame\src\Game.cpp(229,65): warning C4244: 'argument': conversion from 'float' to 'int', possible loss of data
F:\C++\COMP4300\BulletGame\src\Game.cpp(229,41): warning C4244: 'argument': conversion from 'float' to 'int', possible loss of data
F:\C++\COMP4300\BulletGame\src\Game.cpp(230,65): warning C4244: 'argument': conversion from 'float' to 'int', possible loss of data
F:\C++\COMP4300\BulletGame\src\Game.cpp(230,41): warning C4244: 'argument': conversion from 'float' to 'int', possible loss of data
F:\C++\COMP4300\BulletGame\src\Game.cpp(238,64): warning C4244: 'argument': conversion from 'float' to 'int', possible loss of data
F:\C++\COMP4300\BulletGame\src\Game.cpp(238,154): warning C4244: 'argument': conversion from 'float' to 'int', possible loss of data
F:\C++\COMP4300\BulletGame\src\Game.cpp(239,16): warning C4244: 'argument': conversion from 'int' to 'float', possible loss of data
F:\C++\COMP4300\BulletGame\src\Game.cpp(239,8): warning C4244: 'argument': conversion from 'int' to 'float', possible loss of data
F:\C++\COMP4300\BulletGame\src\Game.cpp(238,109): warning C4244: 'argument': conversion from 'int' to 'float', possible loss of data
F:\C++\COMP4300\BulletGame\src\Game.cpp(238,19): warning C4244: 'argument': conversion from 'int' to 'float', possible loss of data
F:\C++\COMP4300\BulletGame\src\Game.cpp(260,66): warning C4244: 'argument': conversion from 'float' to 'int', possible loss of data
F:\C++\COMP4300\BulletGame\src\Game.cpp(260,42): warning C4244: 'argument': conversion from 'float' to 'int', possible loss of data
F:\C++\COMP4300\BulletGame\src\Game.cpp(261,66): warning C4244: 'argument': conversion from 'float' to 'int', possible loss of data
F:\C++\COMP4300\BulletGame\src\Game.cpp(261,42): warning C4244: 'argument': conversion from 'float' to 'int', possible loss of data
F:\C++\COMP4300\BulletGame\src\Game.cpp(421,135): warning C4244: 'argument': conversion from 'float' to 'sf::Uint8', possible loss of data
F:\C++\COMP4300\BulletGame\src\Game.cpp(422,147): warning C4244: 'argument': conversion from 'float' to 'sf::Uint8', possible loss of data
F:\C++\COMP4300\BulletGame\src\Game.cpp(591,71): warning C4244: 'argument': conversion from 'int' to 'float', possible loss of data
F:\C++\COMP4300\BulletGame\src\Game.cpp(591,50): warning C4244: 'argument': conversion from 'int' to 'float', possible loss of data
C:\Program Files\Microsoft Visual Studio\2022\Community\VC\Tools\MSVC\14.37.32822\include\xutility(240,76): warning C4244: 'argument': conversion from 'int' to 'float', possible loss of data
C:\Program Files\Microsoft Visual Studio\2022\Community\VC\Tools\MSVC\14.37.32822\include\xutility(250,14): message : see reference to function template instantiation '_Ty *std::construct_at<_Ty,int&,int&,sf::Color,sf::Color,int&,0x0>(_Ty *const ,int &,int &,sf::Color &&,sf::Color &&,int &) noexcept(<expr>)' being compiled
          with
          [
              _Ty=CShape
          ]
C:\Program Files\Microsoft Visual Studio\2022\Community\VC\Tools\MSVC\14.37.32822\include\memory(2104,18): message : see reference to function template instantiation 'void std::_Construct_in_place<_Ty,int&,int&,sf::Color,sf::Color,int&>(_Ty &,int &,int &,sf::Color &&,sf::Color &&,int &) noexcept(false)' being compiled
          with
          [
              _Ty=CShape
          ]
C:\Program Files\Microsoft Visual Studio\2022\Community\VC\Tools\MSVC\14.37.32822\include\memory(2779,46): message : see reference to function template instantiation 'std::_Ref_count_obj2<CShape>::_Ref_count_obj2<int&,int&,_Ty,_Ty,int&>(int &,int &,_Ty &&,_Ty &&,int &)' being compiled
          with
          [
              _Ty=sf::Color
          ]
F:\C++\COMP4300\BulletGame\src\Game.cpp(205,24): message : see reference to function template instantiation 'std::shared_ptr<CShape> std::make_shared<CShape,int&,int&,sf::Color,sf::Color,int&>(int &,int &,sf::Color &&,sf::Color &&,int &)' being compiled
C:\Program Files\Microsoft Visual Studio\2022\Community\VC\Tools\MSVC\14.37.32822\include\xutility(254,82): warning C4244: 'argument': conversion from 'int' to 'float', possible loss of data
C:\Program Files\Microsoft Visual Studio\2022\Community\VC\Tools\MSVC\14.37.32822\include\xutility(240,76): warning C4267: 'argument': conversion from 'size_t' to 'int', possible loss of data
C:\Program Files\Microsoft Visual Studio\2022\Community\VC\Tools\MSVC\14.37.32822\include\xutility(250,14): message : see reference to function template instantiation '_Ty *std::construct_at<_Ty,float,size_t&,sf::Color,sf::Color,float,0x0>(_Ty *const ,float &&,size_t &,sf::Color &&,sf::Color &&,float &&) noexcept(<expr>)' being compiled
          with
          [
              _Ty=CShape
          ]
C:\Program Files\Microsoft Visual Studio\2022\Community\VC\Tools\MSVC\14.37.32822\include\memory(2104,18): message : see reference to function template instantiation 'void std::_Construct_in_place<_Ty,float,size_t&,sf::Color,sf::Color,float>(_Ty &,float &&,size_t &,sf::Color &&,sf::Color &&,float &&) noexcept(false)' being compiled
          with
          [
              _Ty=CShape
          ]
C:\Program Files\Microsoft Visual Studio\2022\Community\VC\Tools\MSVC\14.37.32822\include\memory(2779,46): message : see reference to function template instantiation 'std::_Ref_count_obj2<CShape>::_Ref_count_obj2<_Ty,size_t&,sf::Color,sf::Color,_Ty>(_Ty &&,size_t &,sf::Color &&,sf::Color &&,_Ty &&)' being compiled
          with
          [
              _Ty=float
          ]
F:\C++\COMP4300\BulletGame\src\Game.cpp(263,25): message : see reference to function template instantiation 'std::shared_ptr<CShape> std::make_shared<CShape,float,size_t&,sf::Color,sf::Color,float>(float &&,size_t &,sf::Color &&,sf::Color &&,float &&)' being compiled
C:\Program Files\Microsoft Visual Studio\2022\Community\VC\Tools\MSVC\14.37.32822\include\xutility(254,82): warning C4267: 'argument': conversion from 'size_t' to 'int', possible loss of data
C:\Program Files\Microsoft Visual Studio\2022\Community\VC\Tools\MSVC\14.37.32822\include\xutility(241,90): warning C4244: 'argument': conversion from 'int' to 'float', possible loss of data
C:\Program Files\Microsoft Visual Studio\2022\Community\VC\Tools\MSVC\14.37.32822\include\xutility(250,14): message : see reference to function template instantiation '_Ty *std::construct_at<_Ty,int&,int&,sf::Color,sf::Color,int&,0x0>(_Ty *const ,int &,int &,sf::Color &&,sf::Color &&,int &) noexcept(false)' being compiled
          with
          [
              _Ty=CShape
          ]
C:\Program Files\Microsoft Visual Studio\2022\Community\VC\Tools\MSVC\14.37.32822\include\memory(2104,18): message : see reference to function template instantiation 'void std::_Construct_in_place<_Ty,int&,int&,sf::Color,sf::Color,int&>(_Ty &,int &,int &,sf::Color &&,sf::Color &&,int &) noexcept(false)' being compiled
          with
          [
              _Ty=CShape
          ]
C:\Program Files\Microsoft Visual Studio\2022\Community\VC\Tools\MSVC\14.37.32822\include\xutility(241,90): warning C4267: 'argument': conversion from 'size_t' to 'int', possible loss of data
C:\Program Files\Microsoft Visual Studio\2022\Community\VC\Tools\MSVC\14.37.32822\include\xutility(250,14): message : see reference to function template instantiation '_Ty *std::construct_at<_Ty,float,size_t&,sf::Color,sf::Color,float,0x0>(_Ty *const ,float &&,size_t &,sf::Color &&,sf::Color &&,float &&) noexcept(false)' being compiled
          with
          [
              _Ty=CShape
          ]
C:\Program Files\Microsoft Visual Studio\2022\Community\VC\Tools\MSVC\14.37.32822\include\memory(2104,18): message : see reference to function template instantiation 'void std::_Construct_in_place<_Ty,float,size_t&,sf::Color,sf::Color,float>(_Ty &,float &&,size_t &,sf::Color &&,sf::Color &&,float &&) noexcept(false)' being compiled
          with
          [
              _Ty=CShape
          ]
  BulletGame.vcxproj -> F:\C++\COMP4300\BulletGame\x64\Debug\BulletGame_d.exe
